2019-11-13 16:26:02 +0000  Initial pipeline context: <IDEDistributionProcessingPipelineContext: 0x7f99fa39ca20; archive(resolved)='<IDEArchive: 0x7f99fce1dc40>', distributionTask(resolved)='2', distributionDestination(resolved)='1', distributionMethod(resolved)='<IDEDistributionMethodiOSEnterprise: 0x7f99fce6dea0>', team(resolved)='<IDEProvisioningDisambiguatableBasicTeam: 0x7f99fb33b090; teamID='99WFW77CV4', teamName='RSalesArm IT Services Private Limited', teamType='Enterprise', username='shanthi@rsalesarm.com', isFreeProvisioningTeam='0'>'>
	Chain (12, self inclusive):
	<IDEDistributionProcessingPipelineContext: 0x7f99fa39ca20; archive = '<IDEArchive: 0x7f99fce1dc40>', distributionMethod='<IDEDistributionMethodiOSEnterprise: 0x7f99fce6dea0>', team='<IDEProvisioningDisambiguatableBasicTeam: 0x7f99fb33b090; teamID='99WFW77CV4', teamName='RSalesArm IT Services Private Limited', teamType='Enterprise', username='shanthi@rsalesarm.com', isFreeProvisioningTeam='0'>'>
	<IDEDistributionProcessingPipelineContext: 0x7f99fb552110; archive = '<IDEArchive: 0x7f99fce1dc40>', distributionMethod='<IDEDistributionMethodiOSEnterprise: 0x7f99fce6dea0>', team='<IDEProvisioningDisambiguatableBasicTeam: 0x7f99fb33b090; teamID='99WFW77CV4', teamName='RSalesArm IT Services Private Limited', teamType='Enterprise', username='shanthi@rsalesarm.com', isFreeProvisioningTeam='0'>'>
	<IDEDistributionContext: 0x7f99fd2bfd10; archive = '<IDEArchive: 0x7f99fce1dc40>', distributionMethod='<IDEDistributionMethodiOSEnterprise: 0x7f99fce6dea0>', team='<IDEProvisioningDisambiguatableBasicTeam: 0x7f99fb33b090; teamID='99WFW77CV4', teamName='RSalesArm IT Services Private Limited', teamType='Enterprise', username='shanthi@rsalesarm.com', isFreeProvisioningTeam='0'>'>
	<IDEDistributionContext: 0x7f99fd278740; archive = '<IDEArchive: 0x7f99fce1dc40>', distributionMethod='<IDEDistributionMethodiOSEnterprise: 0x7f99fce6dea0>', team='<IDEProvisioningDisambiguatableBasicTeam: 0x7f99fb33b090; teamID='99WFW77CV4', teamName='RSalesArm IT Services Private Limited', teamType='Enterprise', username='shanthi@rsalesarm.com', isFreeProvisioningTeam='0'>'>
	<IDEDistributionContext: 0x7f99fd2bf130; archive = '<IDEArchive: 0x7f99fce1dc40>', distributionMethod='<IDEDistributionMethodiOSEnterprise: 0x7f99fce6dea0>', team='<IDEProvisioningDisambiguatableBasicTeam: 0x7f99fb33b090; teamID='99WFW77CV4', teamName='RSalesArm IT Services Private Limited', teamType='Enterprise', username='shanthi@rsalesarm.com', isFreeProvisioningTeam='0'>'>
	<IDEDistributionContext: 0x7f99fd2877c0; archive = '<IDEArchive: 0x7f99fce1dc40>', distributionMethod='<IDEDistributionMethodiOSEnterprise: 0x7f99fce6dea0>', team='<IDEProvisioningDisambiguatableBasicTeam: 0x7f99fb33b090; teamID='99WFW77CV4', teamName='RSalesArm IT Services Private Limited', teamType='Enterprise', username='shanthi@rsalesarm.com', isFreeProvisioningTeam='0'>'>
	<IDEDistributionContext: 0x7f99fa762440; archive = '<IDEArchive: 0x7f99fce1dc40>', distributionMethod='<IDEDistributionMethodiOSEnterprise: 0x7f99fce6dea0>', team='<IDEProvisioningDisambiguatableBasicTeam: 0x7f99fb33b090; teamID='99WFW77CV4', teamName='RSalesArm IT Services Private Limited', teamType='Enterprise', username='shanthi@rsalesarm.com', isFreeProvisioningTeam='0'>'>
	<IDEDistributionContext: 0x7f99fcfe0500; archive = '<IDEArchive: 0x7f99fce1dc40>', distributionMethod='<IDEDistributionMethodiOSEnterprise: 0x7f99fce6dea0>', team='<IDEProvisioningDisambiguatableBasicTeam: 0x7f99fb33b090; teamID='99WFW77CV4', teamName='RSalesArm IT Services Private Limited', teamType='Enterprise', username='shanthi@rsalesarm.com', isFreeProvisioningTeam='0'>'>
	<IDEDistributionContext: 0x7f99fd257b80; archive = '<IDEArchive: 0x7f99fce1dc40>', distributionMethod='<IDEDistributionMethodiOSEnterprise: 0x7f99fce6dea0>', team='<IDEProvisioningDisambiguatableBasicTeam: 0x7f99fb33b090; teamID='99WFW77CV4', teamName='RSalesArm IT Services Private Limited', teamType='Enterprise', username='shanthi@rsalesarm.com', isFreeProvisioningTeam='0'>'>
	<IDEDistributionContext: 0x7f99fd280650; archive = '<IDEArchive: 0x7f99fce1dc40>', distributionMethod='<IDEDistributionMethodiOSEnterprise: 0x7f99fce6dea0>', team='(null)'>
	<IDEDistributionContext: 0x7f99fd268ae0; archive = '<IDEArchive: 0x7f99fce1dc40>', distributionMethod='<IDEDistributionMethodiOSEnterprise: 0x7f99fce6dea0>', team='(null)'>
	<IDEDistributionContext: 0x7f99fcf2b200; archive = '<IDEArchive: 0x7f99fce1dc40>', distributionMethod='(null)', team='(null)'>
</IDEDistributionProcessingPipelineContext: 0x7f99fa39ca20>
2019-11-13 16:26:02 +0000  Processing step: IDEDistributionCreateDestRootStep
2019-11-13 16:26:03 +0000  Processing step: IDEDistributionCopyItemStep
2019-11-13 16:26:03 +0000  Running /usr/bin/ditto '-V' '/Users/administrator/Library/Developer/Xcode/Archives/2019-11-13/Unity-iPhone 13-11-19, 9.30 PM.xcarchive/Products/Applications/ar.app' '/var/folders/6h/lw34ksgs0398nsw00grhtthh0000gp/T/XcodeDistPipeline.~~~dGpM8c/Root/Payload/ar.app'
2019-11-13 16:26:03 +0000  >>> Copying /Users/administrator/Library/Developer/Xcode/Archives/2019-11-13/Unity-iPhone 13-11-19, 9.30 PM.xcarchive/Products/Applications/ar.app 
2019-11-13 16:26:03 +0000  copying file ./_CodeSignature/CodeResources ... 
2019-11-13 16:26:03 +0000  15867 bytes for ./_CodeSignature/CodeResources
copying file ./LaunchImage-1100-Portrait-2436h@3x.png ... 
2019-11-13 16:26:03 +0000  14552 bytes for ./LaunchImage-1100-Portrait-2436h@3x.png
copying file ./LaunchImage-1200-Landscape-1792h@2x.png ... 
7622 bytes for ./LaunchImage-1200-Landscape-1792h@2x.png
copying file ./LaunchScreen-iPhonePortrait.png ... 
138 bytes for ./LaunchScreen-iPhonePortrait.png
copying file ./LaunchScreen-iPhoneLandscape.png ... 
138 bytes for ./LaunchScreen-iPhoneLandscape.png
copying file ./LaunchScreen-iPad.nib ... 
1443 bytes for ./LaunchScreen-iPad.nib
copying file ./LaunchScreen-iPhone.nib ... 
1453 bytes for ./LaunchScreen-iPhone.nib
copying file ./AppIcon60x60@2x.png ... 
4903 bytes for ./AppIcon60x60@2x.png
copying file ./LaunchImage-1100-Landscape-2436h@3x.png ... 
12707 bytes for ./LaunchImage-1100-Landscape-2436h@3x.png
copying file ./LaunchImage-800-667h@2x.png ... 
5949 bytes for ./LaunchImage-800-667h@2x.png
copying file ./LaunchImage-1200-Portrait-2688h@3x.png ... 
17633 bytes for ./LaunchImage-1200-Portrait-2688h@3x.png
copying file ./LaunchScreen-iPad.png ... 
138 bytes for ./LaunchScreen-iPad.png
copying file ./LaunchImage-700-Portrait~ipad.png ... 
4691 bytes for ./LaunchImage-700-Portrait~ipad.png
copying file ./Assets.car ... 
243624 bytes for ./Assets.car
copying file ./AppIcon76x76@2x~ipad.png ... 
7053 bytes for ./AppIcon76x76@2x~ipad.png
copying file ./LaunchImage-800-Portrait-736h@3x.png ... 
14196 bytes for ./LaunchImage-800-Portrait-736h@3x.png
copying file ./LaunchImage-700@2x.png ... 
3933 bytes for ./LaunchImage-700@2x.png
copying file ./ar ... 
2019-11-13 16:26:12 +0000  190623280 bytes for ./ar
2019-11-13 16:26:13 +0000  copying file ./LaunchImage-700-568h@2x.png ... 
4617 bytes for ./LaunchImage-700-568h@2x.png
copying file ./LaunchImage-1200-Portrait-1792h@2x.png ... 
8862 bytes for ./LaunchImage-1200-Portrait-1792h@2x.png
copying file ./LaunchImage-700-Landscape@2x~ipad.png ... 
14943 bytes for ./LaunchImage-700-Landscape@2x~ipad.png
copying file ./Frameworks/VuforiaDL.framework/_CodeSignature/CodeResources ... 
2446 bytes for ./Frameworks/VuforiaDL.framework/_CodeSignature/CodeResources
copying file ./Frameworks/VuforiaDL.framework/VuforiaDL.meta ... 
155 bytes for ./Frameworks/VuforiaDL.framework/VuforiaDL.meta
copying file ./Frameworks/VuforiaDL.framework/VuforiaDL ... 
2019-11-13 16:26:13 +0000  6769872 bytes for ./Frameworks/VuforiaDL.framework/VuforiaDL
copying file ./Frameworks/VuforiaDL.framework/Headers.meta ... 
172 bytes for ./Frameworks/VuforiaDL.framework/Headers.meta
copying file ./Frameworks/VuforiaDL.framework/Info.plist.meta ... 
2019-11-13 16:26:13 +0000  155 bytes for ./Frameworks/VuforiaDL.framework/Info.plist.meta
copying file ./Frameworks/VuforiaDL.framework/Info.plist ... 
759 bytes for ./Frameworks/VuforiaDL.framework/Info.plist
copying file ./Frameworks/Vuforia.framework/_CodeSignature/CodeResources ... 
2232 bytes for ./Frameworks/Vuforia.framework/_CodeSignature/CodeResources
copying file ./Frameworks/Vuforia.framework/Vuforia.meta ... 
155 bytes for ./Frameworks/Vuforia.framework/Vuforia.meta
copying file ./Frameworks/Vuforia.framework/Info.plist.meta ... 
155 bytes for ./Frameworks/Vuforia.framework/Info.plist.meta
copying file ./Frameworks/Vuforia.framework/Vuforia ... 
2019-11-13 16:26:19 +0000  123394704 bytes for ./Frameworks/Vuforia.framework/Vuforia
copying file ./Frameworks/Vuforia.framework/Info.plist ... 
752 bytes for ./Frameworks/Vuforia.framework/Info.plist
copying file ./Vuforia/GlenmarkAR.dat ... 
2019-11-13 16:26:19 +0000  21702 bytes for ./Vuforia/GlenmarkAR.dat
copying file ./Vuforia/GlenmarkAR.xml ... 
2019-11-13 16:26:19 +0000  268 bytes for ./Vuforia/GlenmarkAR.xml
copying file ./embedded.mobileprovision ... 
2019-11-13 16:26:19 +0000  11608 bytes for ./embedded.mobileprovision
copying file ./Data/Managed/TypesInScenes.xml ... 
3372 bytes for ./Data/Managed/TypesInScenes.xml
copying file ./Data/Managed/Resources/mscorlib.dll-resources.dat ... 
337563 bytes for ./Data/Managed/Resources/mscorlib.dll-resources.dat
copying file ./Data/Managed/mono/2.0/machine.config ... 
2019-11-13 16:26:19 +0000  27625 bytes for ./Data/Managed/mono/2.0/machine.config
2019-11-13 16:26:19 +0000  copying file ./Data/Managed/mono/4.0/machine.config ... 
2019-11-13 16:26:19 +0000  33648 bytes for ./Data/Managed/mono/4.0/machine.config
2019-11-13 16:26:19 +0000  copying file ./Data/Managed/Metadata/global-metadata.dat ... 
2019-11-13 16:26:19 +0000  2398604 bytes for ./Data/Managed/Metadata/global-metadata.dat
copying file ./Data/sharedassets0.resource ... 
2019-11-13 16:26:21 +0000  27085763 bytes for ./Data/sharedassets0.resource
copying file ./Data/globalgamemanagers ... 
37552 bytes for ./Data/globalgamemanagers
copying file ./Data/boot.config ... 
123 bytes for ./Data/boot.config
2019-11-13 16:26:21 +0000  copying file ./Data/resources.assets ... 
21300 bytes for ./Data/resources.assets
copying file ./Data/Resources/unity_builtin_extra ... 
2019-11-13 16:26:21 +0000  668404 bytes for ./Data/Resources/unity_builtin_extra
2019-11-13 16:26:22 +0000  copying file ./Data/unity default resources ... 
2019-11-13 16:26:22 +0000  6312180 bytes for ./Data/unity default resources
2019-11-13 16:26:23 +0000  copying file ./Data/sharedassets0.assets.resS ... 
1048576 bytes for ./Data/sharedassets0.assets.resS
copying file ./Data/sharedassets0.assets ... 
191741 bytes for ./Data/sharedassets0.assets
copying file ./Data/level0.resS ... 
393212 bytes for ./Data/level0.resS
copying file ./Data/level0 ... 
7848 bytes for ./Data/level0
copying file ./Data/Raw/Vuforia/GlenmarkAR.dat ... 
21702 bytes for ./Data/Raw/Vuforia/GlenmarkAR.dat
copying file ./Data/Raw/Vuforia/GlenmarkAR.xml ... 
268 bytes for ./Data/Raw/Vuforia/GlenmarkAR.xml
copying file ./Data/globalgamemanagers.assets ... 
2019-11-13 16:26:23 +0000  /usr/bin/ditto exited with 0
2019-11-13 16:26:23 +0000  49780 bytes for ./Data/globalgamemanagers.assets
copying file ./LaunchImage-800-Landscape-736h@3x.png ... 
12887 bytes for ./LaunchImage-800-Landscape-736h@3x.png
copying file ./LaunchImage-700-Portrait@2x~ipad.png ... 
15515 bytes for ./LaunchImage-700-Portrait@2x~ipad.png
copying file ./LaunchImage-700-Landscape~ipad.png ... 
4433 bytes for ./LaunchImage-700-Landscape~ipad.png
copying file ./Info.plist ... 
2693 bytes for ./Info.plist
copying file ./profile.json ... 
31670 bytes for ./profile.json
copying file ./LaunchImage-1200-Landscape-2688h@3x.png ... 
15608 bytes for ./LaunchImage-1200-Landscape-2688h@3x.png
copying file ./PkgInfo ... 
8 bytes for ./PkgInfo
2019-11-13 16:26:23 +0000  Processing step: IDEDistributionEmbedProfileStep
2019-11-13 16:26:23 +0000  Skipping profile for item: <IDEDistributionItem: 0x7f99fb5983d0 'com.vuforia.Vuforia' '<DVTFilePath:0x7f99fcc404c0:'/Users/administrator/Library/Developer/Xcode/Archives/2019-11-13/Unity-iPhone 13-11-19, 9.30 PM.xcarchive/Products/Applications/ar.app/Frameworks/Vuforia.framework'>'>
2019-11-13 16:26:23 +0000  Skipping profile for item: <IDEDistributionItem: 0x7f99fb5a6490 'com.vuforia.VuforiaDL' '<DVTFilePath:0x7f99fccd0900:'/Users/administrator/Library/Developer/Xcode/Archives/2019-11-13/Unity-iPhone 13-11-19, 9.30 PM.xcarchive/Products/Applications/ar.app/Frameworks/VuforiaDL.framework'>'>
2019-11-13 16:26:23 +0000  Processing step: IDEDistributionAppThinningPlistStep
2019-11-13 16:26:23 +0000  Skipping step: IDEDistributionAppThinningPlistStep because it said so
2019-11-13 16:26:23 +0000  Processing step: IDEDistributionCompileBitcodeStep
2019-11-13 16:26:23 +0000  Skipping step: IDEDistributionCompileBitcodeStep because it said so
2019-11-13 16:26:23 +0000  Processing step: IDEDistributionCodeSlimmingStep
2019-11-13 16:26:36 +0000  Processing step: IDEDistributionCopyBCSymbolMapsStep
2019-11-13 16:26:37 +0000  Skipping step: IDEDistributionCopyBCSymbolMapsStep because it said so
2019-11-13 16:26:37 +0000  Skipping step: IDEDistributionCopyBCSymbolMapsStep because it said so
2019-11-13 16:26:37 +0000  Skipping step: IDEDistributionCopyBCSymbolMapsStep because it said so
2019-11-13 16:26:37 +0000  Processing step: IDEDistributionSymbolsStep
2019-11-13 16:26:37 +0000  Skipping step: IDEDistributionSymbolsStep because it said so
2019-11-13 16:26:37 +0000  Skipping step: IDEDistributionSymbolsStep because it said so
2019-11-13 16:26:37 +0000  Skipping step: IDEDistributionSymbolsStep because it said so
2019-11-13 16:26:37 +0000  Processing step: IDEDistributionAppThinningStep
2019-11-13 16:26:37 +0000  Skipping step: IDEDistributionAppThinningStep because it said so
2019-11-13 16:26:37 +0000  Processing step: IDEDistributionArchThinningStep
2019-11-13 16:26:38 +0000  Running /Applications/Xcode.app/Contents/Developer/Toolchains/XcodeDefault.xctoolchain/usr/bin/lipo '/var/folders/6h/lw34ksgs0398nsw00grhtthh0000gp/T/XcodeDistPipeline.~~~dGpM8c/Root/Payload/ar.app/Frameworks/Vuforia.framework/Vuforia' '-verify_arch' 'arm64e'
2019-11-13 16:26:38 +0000  /Applications/Xcode.app/Contents/Developer/Toolchains/XcodeDefault.xctoolchain/usr/bin/lipo exited with 1
2019-11-13 16:26:38 +0000  Skipping architecture thinning for item "Vuforia" because arch "arm64e" wasn't found
2019-11-13 16:26:38 +0000  Running /Applications/Xcode.app/Contents/Developer/Toolchains/XcodeDefault.xctoolchain/usr/bin/lipo '/var/folders/6h/lw34ksgs0398nsw00grhtthh0000gp/T/XcodeDistPipeline.~~~dGpM8c/Root/Payload/ar.app/Frameworks/VuforiaDL.framework/VuforiaDL' '-verify_arch' 'arm64e'
2019-11-13 16:26:38 +0000  /Applications/Xcode.app/Contents/Developer/Toolchains/XcodeDefault.xctoolchain/usr/bin/lipo exited with 1
2019-11-13 16:26:38 +0000  Skipping architecture thinning for item "VuforiaDL" because arch "arm64e" wasn't found
2019-11-13 16:26:38 +0000  Running /Applications/Xcode.app/Contents/Developer/Toolchains/XcodeDefault.xctoolchain/usr/bin/lipo '/var/folders/6h/lw34ksgs0398nsw00grhtthh0000gp/T/XcodeDistPipeline.~~~dGpM8c/Root/Payload/ar.app/ar' '-verify_arch' 'arm64e'
2019-11-13 16:26:38 +0000  /Applications/Xcode.app/Contents/Developer/Toolchains/XcodeDefault.xctoolchain/usr/bin/lipo exited with 1
2019-11-13 16:26:38 +0000  Skipping architecture thinning for item "ar" because arch "arm64e" wasn't found
2019-11-13 16:26:38 +0000  Processing step: IDEDistributionODRStep
2019-11-13 16:26:38 +0000  Processing step: IDEDistributionStripXattrsStep
2019-11-13 16:26:38 +0000  Skipping stripping extended attributes of item: <IDEDistributionItem: 0x7f99fb5983d0 'com.vuforia.Vuforia' '<DVTFilePath:0x7f99fcc404c0:'/Users/administrator/Library/Developer/Xcode/Archives/2019-11-13/Unity-iPhone 13-11-19, 9.30 PM.xcarchive/Products/Applications/ar.app/Frameworks/Vuforia.framework'>'>
2019-11-13 16:26:38 +0000  Skipping stripping extended attributes of item: <IDEDistributionItem: 0x7f99fb5a6490 'com.vuforia.VuforiaDL' '<DVTFilePath:0x7f99fccd0900:'/Users/administrator/Library/Developer/Xcode/Archives/2019-11-13/Unity-iPhone 13-11-19, 9.30 PM.xcarchive/Products/Applications/ar.app/Frameworks/VuforiaDL.framework'>'>
2019-11-13 16:26:38 +0000  Running /usr/bin/xattr '-crs' '/var/folders/6h/lw34ksgs0398nsw00grhtthh0000gp/T/XcodeDistPipeline.~~~dGpM8c/Root/Payload/ar.app'
2019-11-13 16:26:44 +0000  /usr/bin/xattr exited with 0
2019-11-13 16:26:44 +0000  Processing step: IDEDistributionCodesignStep
2019-11-13 16:26:44 +0000  Entitlements for <IDEDistributionItem: 0x7f99fb5983d0 'com.vuforia.Vuforia' '<DVTFilePath:0x7f99fcc404c0:'/Users/administrator/Library/Developer/Xcode/Archives/2019-11-13/Unity-iPhone 13-11-19, 9.30 PM.xcarchive/Products/Applications/ar.app/Frameworks/Vuforia.framework'>'>: {
}
2019-11-13 16:26:44 +0000  Writing entitlements for <IDEDistributionItem: 0x7f99fb5983d0 'com.vuforia.Vuforia' '<DVTFilePath:0x7f99fcc404c0:'/Users/administrator/Library/Developer/Xcode/Archives/2019-11-13/Unity-iPhone 13-11-19, 9.30 PM.xcarchive/Products/Applications/ar.app/Frameworks/Vuforia.framework'>'> to: /var/folders/6h/lw34ksgs0398nsw00grhtthh0000gp/T/XcodeDistPipeline.~~~dGpM8c/entitlements~~~6jSOHm
2019-11-13 16:26:44 +0000  Running /usr/bin/codesign '-vvv' '--force' '--sign' '945DD7EBFC763C190A14B6B37D94E177FEC87473' '--entitlements' '/var/folders/6h/lw34ksgs0398nsw00grhtthh0000gp/T/XcodeDistPipeline.~~~dGpM8c/entitlements~~~6jSOHm' '--preserve-metadata=identifier,flags,runtime' '/var/folders/6h/lw34ksgs0398nsw00grhtthh0000gp/T/XcodeDistPipeline.~~~dGpM8c/Root/Payload/ar.app/Frameworks/Vuforia.framework'
2019-11-13 16:26:49 +0000  /var/folders/6h/lw34ksgs0398nsw00grhtthh0000gp/T/XcodeDistPipeline.~~~dGpM8c/Root/Payload/ar.app/Frameworks/Vuforia.framework: signed bundle with Mach-O thin (arm64) [com.vuforia.Vuforia]
2019-11-13 16:26:49 +0000  /usr/bin/codesign exited with 0
2019-11-13 16:26:49 +0000  Entitlements for <IDEDistributionItem: 0x7f99fb5a6490 'com.vuforia.VuforiaDL' '<DVTFilePath:0x7f99fccd0900:'/Users/administrator/Library/Developer/Xcode/Archives/2019-11-13/Unity-iPhone 13-11-19, 9.30 PM.xcarchive/Products/Applications/ar.app/Frameworks/VuforiaDL.framework'>'>: {
}
2019-11-13 16:26:49 +0000  Writing entitlements for <IDEDistributionItem: 0x7f99fb5a6490 'com.vuforia.VuforiaDL' '<DVTFilePath:0x7f99fccd0900:'/Users/administrator/Library/Developer/Xcode/Archives/2019-11-13/Unity-iPhone 13-11-19, 9.30 PM.xcarchive/Products/Applications/ar.app/Frameworks/VuforiaDL.framework'>'> to: /var/folders/6h/lw34ksgs0398nsw00grhtthh0000gp/T/XcodeDistPipeline.~~~dGpM8c/entitlements~~~6Hzh1W
2019-11-13 16:26:49 +0000  Running /usr/bin/codesign '-vvv' '--force' '--sign' '945DD7EBFC763C190A14B6B37D94E177FEC87473' '--entitlements' '/var/folders/6h/lw34ksgs0398nsw00grhtthh0000gp/T/XcodeDistPipeline.~~~dGpM8c/entitlements~~~6Hzh1W' '--preserve-metadata=identifier,flags,runtime' '/var/folders/6h/lw34ksgs0398nsw00grhtthh0000gp/T/XcodeDistPipeline.~~~dGpM8c/Root/Payload/ar.app/Frameworks/VuforiaDL.framework'
2019-11-13 16:26:49 +0000  /var/folders/6h/lw34ksgs0398nsw00grhtthh0000gp/T/XcodeDistPipeline.~~~dGpM8c/Root/Payload/ar.app/Frameworks/VuforiaDL.framework: signed bundle with Mach-O thin (arm64) [com.vuforia.VuforiaDL]
2019-11-13 16:26:49 +0000  /usr/bin/codesign exited with 0
2019-11-13 16:26:49 +0000  Entitlements for <IDEDistributionItem: 0x7f99fc92bf80 'com.rsalesarm.glenmark.ar' '<DVTFilePath:0x7f99fd360ec0:'/Users/administrator/Library/Developer/Xcode/Archives/2019-11-13/Unity-iPhone 13-11-19, 9.30 PM.xcarchive/Products/Applications/ar.app'>'>: {
    "application-identifier" = "99WFW77CV4.com.rsalesarm.glenmark.ar";
    "com.apple.developer.team-identifier" = 99WFW77CV4;
    "get-task-allow" = 0;
    "keychain-access-groups" =     (
        "99WFW77CV4.com.rsalesarm.glenmark.ar"
    );
}
2019-11-13 16:26:49 +0000  Writing entitlements for <IDEDistributionItem: 0x7f99fc92bf80 'com.rsalesarm.glenmark.ar' '<DVTFilePath:0x7f99fd360ec0:'/Users/administrator/Library/Developer/Xcode/Archives/2019-11-13/Unity-iPhone 13-11-19, 9.30 PM.xcarchive/Products/Applications/ar.app'>'> to: /var/folders/6h/lw34ksgs0398nsw00grhtthh0000gp/T/XcodeDistPipeline.~~~dGpM8c/entitlements~~~EZyHZK
2019-11-13 16:26:49 +0000  Running /usr/bin/codesign '-vvv' '--force' '--sign' '945DD7EBFC763C190A14B6B37D94E177FEC87473' '--entitlements' '/var/folders/6h/lw34ksgs0398nsw00grhtthh0000gp/T/XcodeDistPipeline.~~~dGpM8c/entitlements~~~EZyHZK' '--preserve-metadata=identifier,flags,runtime' '/var/folders/6h/lw34ksgs0398nsw00grhtthh0000gp/T/XcodeDistPipeline.~~~dGpM8c/Root/Payload/ar.app'
2019-11-13 16:26:53 +0000  /var/folders/6h/lw34ksgs0398nsw00grhtthh0000gp/T/XcodeDistPipeline.~~~dGpM8c/Root/Payload/ar.app: signed app bundle with Mach-O thin (arm64) [com.rsalesarm.glenmark.ar]
2019-11-13 16:26:53 +0000  /usr/bin/codesign exited with 0
2019-11-13 16:26:53 +0000  Processing step: IDEDistributionZipODRItemStep
2019-11-13 16:26:53 +0000  Skipping step: IDEDistributionZipODRItemStep because it said so
2019-11-13 16:26:53 +0000  Skipping step: IDEDistributionZipODRItemStep because it said so
2019-11-13 16:26:53 +0000  Skipping step: IDEDistributionZipODRItemStep because it said so
2019-11-13 16:26:53 +0000  Processing step: IDEDistributionCreateIPAStep
2019-11-13 16:26:53 +0000  Running /usr/bin/ditto '-V' '-c' '-k' '--norsrc' '/var/folders/6h/lw34ksgs0398nsw00grhtthh0000gp/T/XcodeDistPipeline.~~~dGpM8c/Root' '/var/folders/6h/lw34ksgs0398nsw00grhtthh0000gp/T/XcodeDistPipeline.~~~dGpM8c/Packages/Unity-iPhone.ipa'
2019-11-13 16:26:53 +0000  >>> Copying /var/folders/6h/lw34ksgs0398nsw00grhtthh0000gp/T/XcodeDistPipeline.~~~dGpM8c/Root 
2019-11-13 16:26:53 +0000  copying file ./Payload/ar.app/_CodeSignature/CodeResources ... 
2019-11-13 16:26:53 +0000  15867 bytes for ./Payload/ar.app/_CodeSignature/CodeResources
2019-11-13 16:26:53 +0000  copying file ./Payload/ar.app/LaunchImage-1100-Portrait-2436h@3x.png ... 
2019-11-13 16:26:53 +0000  14552 bytes for ./Payload/ar.app/LaunchImage-1100-Portrait-2436h@3x.png
2019-11-13 16:26:53 +0000  copying file ./Payload/ar.app/LaunchImage-1200-Landscape-1792h@2x.png ... 
2019-11-13 16:26:53 +0000  7622 bytes for ./Payload/ar.app/LaunchImage-1200-Landscape-1792h@2x.png
2019-11-13 16:26:53 +0000  copying file ./Payload/ar.app/LaunchScreen-iPhonePortrait.png ... 
138 bytes for ./Payload/ar.app/LaunchScreen-iPhonePortrait.png
2019-11-13 16:26:53 +0000  copying file ./Payload/ar.app/LaunchScreen-iPhoneLandscape.png ... 
2019-11-13 16:26:53 +0000  138 bytes for ./Payload/ar.app/LaunchScreen-iPhoneLandscape.png
copying file ./Payload/ar.app/LaunchScreen-iPad.nib ... 
2019-11-13 16:26:53 +0000  1443 bytes for ./Payload/ar.app/LaunchScreen-iPad.nib
2019-11-13 16:26:53 +0000  copying file ./Payload/ar.app/LaunchScreen-iPhone.nib ... 
2019-11-13 16:26:53 +0000  1453 bytes for ./Payload/ar.app/LaunchScreen-iPhone.nib
copying file ./Payload/ar.app/AppIcon60x60@2x.png ... 
2019-11-13 16:26:53 +0000  4903 bytes for ./Payload/ar.app/AppIcon60x60@2x.png
2019-11-13 16:26:53 +0000  copying file ./Payload/ar.app/LaunchImage-1100-Landscape-2436h@3x.png ... 
2019-11-13 16:26:53 +0000  12707 bytes for ./Payload/ar.app/LaunchImage-1100-Landscape-2436h@3x.png
copying file ./Payload/ar.app/LaunchImage-800-667h@2x.png ... 
2019-11-13 16:26:53 +0000  5949 bytes for ./Payload/ar.app/LaunchImage-800-667h@2x.png
2019-11-13 16:26:53 +0000  copying file ./Payload/ar.app/LaunchImage-1200-Portrait-2688h@3x.png ... 
2019-11-13 16:26:53 +0000  17633 bytes for ./Payload/ar.app/LaunchImage-1200-Portrait-2688h@3x.png
copying file ./Payload/ar.app/LaunchScreen-iPad.png ... 
2019-11-13 16:26:53 +0000  138 bytes for ./Payload/ar.app/LaunchScreen-iPad.png
2019-11-13 16:26:53 +0000  copying file ./Payload/ar.app/LaunchImage-700-Portrait~ipad.png ... 
2019-11-13 16:26:53 +0000  4691 bytes for ./Payload/ar.app/LaunchImage-700-Portrait~ipad.png
2019-11-13 16:26:53 +0000  copying file ./Payload/ar.app/Assets.car ... 
2019-11-13 16:26:53 +0000  243624 bytes for ./Payload/ar.app/Assets.car
2019-11-13 16:26:53 +0000  copying file ./Payload/ar.app/AppIcon76x76@2x~ipad.png ... 
2019-11-13 16:26:53 +0000  7053 bytes for ./Payload/ar.app/AppIcon76x76@2x~ipad.png
2019-11-13 16:26:53 +0000  copying file ./Payload/ar.app/LaunchImage-800-Portrait-736h@3x.png ... 
2019-11-13 16:26:53 +0000  14196 bytes for ./Payload/ar.app/LaunchImage-800-Portrait-736h@3x.png
2019-11-13 16:26:53 +0000  copying file ./Payload/ar.app/LaunchImage-700@2x.png ... 
2019-11-13 16:26:53 +0000  3933 bytes for ./Payload/ar.app/LaunchImage-700@2x.png
copying file ./Payload/ar.app/ar ... 
2019-11-13 16:26:55 +0000  19591984 bytes for ./Payload/ar.app/ar
2019-11-13 16:26:55 +0000  copying file ./Payload/ar.app/LaunchImage-700-568h@2x.png ... 
2019-11-13 16:26:55 +0000  4617 bytes for ./Payload/ar.app/LaunchImage-700-568h@2x.png
copying file ./Payload/ar.app/LaunchImage-1200-Portrait-1792h@2x.png ... 
2019-11-13 16:26:55 +0000  8862 bytes for ./Payload/ar.app/LaunchImage-1200-Portrait-1792h@2x.png
copying file ./Payload/ar.app/LaunchImage-700-Landscape@2x~ipad.png ... 
2019-11-13 16:26:55 +0000  14943 bytes for ./Payload/ar.app/LaunchImage-700-Landscape@2x~ipad.png
2019-11-13 16:26:55 +0000  copying file ./Payload/ar.app/Frameworks/VuforiaDL.framework/_CodeSignature/CodeResources ... 
2019-11-13 16:26:55 +0000  2446 bytes for ./Payload/ar.app/Frameworks/VuforiaDL.framework/_CodeSignature/CodeResources
copying file ./Payload/ar.app/Frameworks/VuforiaDL.framework/VuforiaDL.meta ... 
2019-11-13 16:26:55 +0000  155 bytes for ./Payload/ar.app/Frameworks/VuforiaDL.framework/VuforiaDL.meta
copying file ./Payload/ar.app/Frameworks/VuforiaDL.framework/VuforiaDL ... 
2019-11-13 16:26:55 +0000  1139552 bytes for ./Payload/ar.app/Frameworks/VuforiaDL.framework/VuforiaDL
2019-11-13 16:26:55 +0000  copying file ./Payload/ar.app/Frameworks/VuforiaDL.framework/Headers.meta ... 
2019-11-13 16:26:55 +0000  172 bytes for ./Payload/ar.app/Frameworks/VuforiaDL.framework/Headers.meta
copying file ./Payload/ar.app/Frameworks/VuforiaDL.framework/Info.plist.meta ... 
2019-11-13 16:26:55 +0000  155 bytes for ./Payload/ar.app/Frameworks/VuforiaDL.framework/Info.plist.meta
copying file ./Payload/ar.app/Frameworks/VuforiaDL.framework/Info.plist ... 
2019-11-13 16:26:55 +0000  759 bytes for ./Payload/ar.app/Frameworks/VuforiaDL.framework/Info.plist
2019-11-13 16:26:55 +0000  copying file ./Payload/ar.app/Frameworks/Vuforia.framework/_CodeSignature/CodeResources ... 
2019-11-13 16:26:55 +0000  2232 bytes for ./Payload/ar.app/Frameworks/Vuforia.framework/_CodeSignature/CodeResources
copying file ./Payload/ar.app/Frameworks/Vuforia.framework/Vuforia.meta ... 
2019-11-13 16:26:55 +0000  155 bytes for ./Payload/ar.app/Frameworks/Vuforia.framework/Vuforia.meta
2019-11-13 16:26:55 +0000  copying file ./Payload/ar.app/Frameworks/Vuforia.framework/Info.plist.meta ... 
2019-11-13 16:26:55 +0000  155 bytes for ./Payload/ar.app/Frameworks/Vuforia.framework/Info.plist.meta
2019-11-13 16:26:55 +0000  copying file ./Payload/ar.app/Frameworks/Vuforia.framework/Vuforia ... 
2019-11-13 16:26:56 +0000  19138208 bytes for ./Payload/ar.app/Frameworks/Vuforia.framework/Vuforia
2019-11-13 16:26:56 +0000  copying file ./Payload/ar.app/Frameworks/Vuforia.framework/Info.plist ... 
752 bytes for ./Payload/ar.app/Frameworks/Vuforia.framework/Info.plist
2019-11-13 16:26:56 +0000  copying file ./Payload/ar.app/Vuforia/GlenmarkAR.dat ... 
2019-11-13 16:26:56 +0000  21702 bytes for ./Payload/ar.app/Vuforia/GlenmarkAR.dat
2019-11-13 16:26:56 +0000  copying file ./Payload/ar.app/Vuforia/GlenmarkAR.xml ... 
268 bytes for ./Payload/ar.app/Vuforia/GlenmarkAR.xml
2019-11-13 16:26:56 +0000  copying file ./Payload/ar.app/embedded.mobileprovision ... 
2019-11-13 16:26:57 +0000  9364 bytes for ./Payload/ar.app/embedded.mobileprovision
2019-11-13 16:26:57 +0000  copying file ./Payload/ar.app/Data/Managed/TypesInScenes.xml ... 
2019-11-13 16:26:57 +0000  3372 bytes for ./Payload/ar.app/Data/Managed/TypesInScenes.xml
2019-11-13 16:26:57 +0000  copying file ./Payload/ar.app/Data/Managed/Resources/mscorlib.dll-resources.dat ... 
2019-11-13 16:26:57 +0000  337563 bytes for ./Payload/ar.app/Data/Managed/Resources/mscorlib.dll-resources.dat
2019-11-13 16:26:57 +0000  copying file ./Payload/ar.app/Data/Managed/mono/2.0/machine.config ... 
2019-11-13 16:26:57 +0000  27625 bytes for ./Payload/ar.app/Data/Managed/mono/2.0/machine.config
2019-11-13 16:26:57 +0000  copying file ./Payload/ar.app/Data/Managed/mono/4.0/machine.config ... 
2019-11-13 16:26:57 +0000  33648 bytes for ./Payload/ar.app/Data/Managed/mono/4.0/machine.config
2019-11-13 16:26:57 +0000  copying file ./Payload/ar.app/Data/Managed/Metadata/global-metadata.dat ... 
2019-11-13 16:26:57 +0000  2398604 bytes for ./Payload/ar.app/Data/Managed/Metadata/global-metadata.dat
2019-11-13 16:26:57 +0000  copying file ./Payload/ar.app/Data/sharedassets0.resource ... 
2019-11-13 16:26:59 +0000  27085763 bytes for ./Payload/ar.app/Data/sharedassets0.resource
2019-11-13 16:26:59 +0000  copying file ./Payload/ar.app/Data/globalgamemanagers ... 
2019-11-13 16:26:59 +0000  37552 bytes for ./Payload/ar.app/Data/globalgamemanagers
2019-11-13 16:26:59 +0000  copying file ./Payload/ar.app/Data/boot.config ... 
2019-11-13 16:26:59 +0000  123 bytes for ./Payload/ar.app/Data/boot.config
copying file ./Payload/ar.app/Data/resources.assets ... 
2019-11-13 16:26:59 +0000  21300 bytes for ./Payload/ar.app/Data/resources.assets
2019-11-13 16:26:59 +0000  copying file ./Payload/ar.app/Data/Resources/unity_builtin_extra ... 
2019-11-13 16:26:59 +0000  668404 bytes for ./Payload/ar.app/Data/Resources/unity_builtin_extra
2019-11-13 16:26:59 +0000  copying file ./Payload/ar.app/Data/unity default resources ... 
2019-11-13 16:26:59 +0000  6312180 bytes for ./Payload/ar.app/Data/unity default resources
2019-11-13 16:26:59 +0000  copying file ./Payload/ar.app/Data/sharedassets0.assets.resS ... 
2019-11-13 16:26:59 +0000  1048576 bytes for ./Payload/ar.app/Data/sharedassets0.assets.resS
copying file ./Payload/ar.app/Data/sharedassets0.assets ... 
191741 bytes for ./Payload/ar.app/Data/sharedassets0.assets
copying file ./Payload/ar.app/Data/level0.resS ... 
2019-11-13 16:26:59 +0000  393212 bytes for ./Payload/ar.app/Data/level0.resS
2019-11-13 16:26:59 +0000  copying file ./Payload/ar.app/Data/level0 ... 
2019-11-13 16:26:59 +0000  7848 bytes for ./Payload/ar.app/Data/level0
2019-11-13 16:26:59 +0000  copying file ./Payload/ar.app/Data/Raw/Vuforia/GlenmarkAR.dat ... 
2019-11-13 16:26:59 +0000  21702 bytes for ./Payload/ar.app/Data/Raw/Vuforia/GlenmarkAR.dat
2019-11-13 16:26:59 +0000  copying file ./Payload/ar.app/Data/Raw/Vuforia/GlenmarkAR.xml ... 
2019-11-13 16:26:59 +0000  268 bytes for ./Payload/ar.app/Data/Raw/Vuforia/GlenmarkAR.xml
copying file ./Payload/ar.app/Data/globalgamemanagers.assets ... 
2019-11-13 16:26:59 +0000  49780 bytes for ./Payload/ar.app/Data/globalgamemanagers.assets
2019-11-13 16:26:59 +0000  copying file ./Payload/ar.app/LaunchImage-800-Landscape-736h@3x.png ... 
2019-11-13 16:26:59 +0000  12887 bytes for ./Payload/ar.app/LaunchImage-800-Landscape-736h@3x.png
copying file ./Payload/ar.app/LaunchImage-700-Portrait@2x~ipad.png ... 
2019-11-13 16:26:59 +0000  15515 bytes for ./Payload/ar.app/LaunchImage-700-Portrait@2x~ipad.png
copying file ./Payload/ar.app/LaunchImage-700-Landscape~ipad.png ... 
2019-11-13 16:26:59 +0000  4433 bytes for ./Payload/ar.app/LaunchImage-700-Landscape~ipad.png
2019-11-13 16:26:59 +0000  copying file ./Payload/ar.app/Info.plist ... 
2019-11-13 16:26:59 +0000  2693 bytes for ./Payload/ar.app/Info.plist
copying file ./Payload/ar.app/profile.json ... 
2019-11-13 16:26:59 +0000  31670 bytes for ./Payload/ar.app/profile.json
copying file ./Payload/ar.app/LaunchImage-1200-Landscape-2688h@3x.png ... 
2019-11-13 16:26:59 +0000  15608 bytes for ./Payload/ar.app/LaunchImage-1200-Landscape-2688h@3x.png
2019-11-13 16:26:59 +0000  copying file ./Payload/ar.app/PkgInfo ... 
2019-11-13 16:26:59 +0000  8 bytes for ./Payload/ar.app/PkgInfo
2019-11-13 16:27:00 +0000  /usr/bin/ditto exited with 0
2019-11-13 16:27:00 +0000  Processing step: IDEDistributionAppStoreInformationStep
2019-11-13 16:27:00 +0000  Skipping step: IDEDistributionAppStoreInformationStep because it said so
2019-11-13 16:27:00 +0000  Processing step: IDEDistributionCreateManifestStep
